<?xml version="1.0" encoding="UTF-8"?>
<!-- Generated by org.testng.reporters.JUnitReportReporter -->
<testsuite hostname="DESKTOP-R1731C6" failures="2" tests="4" name="com.ecommerce.test.FBRegistration" time="13.765" errors="0" timestamp="2024-02-08T14:49:27 IST" skipped="0">
  <testcase classname="com.ecommerce.test.FBRegistration" name="fbAccount" time="7.250">
    <failure message="Either Day or Gender element was not located OR gender selection failed
	expected [Google] but found [Sign up for Facebook | Facebook]" type="java.lang.AssertionError">
      <![CDATA[java.lang.AssertionError: Either Day or Gender element was not located OR gender selection failed
expected [Google] but found [Sign up for Facebook | Facebook]
at org.testng.asserts.SoftAssert.assertAll(SoftAssert.java:46)
at com.ecommerce.test.FBRegistration.fbAccount(FBRegistration.java:99)
at java.base/jdk.internal.reflect.NativeMethodAccessorImpl.invoke0(Native Method)
at java.base/jdk.internal.reflect.NativeMethodAccessorImpl.invoke(NativeMethodAccessorImpl.java:77)
at java.base/jdk.internal.reflect.DelegatingMethodAccessorImpl.invoke(DelegatingMethodAccessorImpl.java:43)
at java.base/java.lang.reflect.Method.invoke(Method.java:568)
at org.testng.internal.invokers.MethodInvocationHelper.invokeMethod(MethodInvocationHelper.java:139)
at org.testng.internal.invokers.TestInvoker.invokeMethod(TestInvoker.java:664)
at org.testng.internal.invokers.TestInvoker.invokeTestMethod(TestInvoker.java:227)
at org.testng.internal.invokers.MethodRunner.runInSequence(MethodRunner.java:50)
at org.testng.internal.invokers.TestInvoker$MethodInvocationAgent.invoke(TestInvoker.java:957)
at org.testng.internal.invokers.TestInvoker.invokeTestMethods(TestInvoker.java:200)
at org.testng.internal.invokers.TestMethodWorker.invokeTestMethods(TestMethodWorker.java:148)
at org.testng.internal.invokers.TestMethodWorker.run(TestMethodWorker.java:128)
at java.base/java.util.concurrent.ThreadPoolExecutor.runWorker(ThreadPoolExecutor.java:1136)
at java.base/java.util.concurrent.ThreadPoolExecutor$Worker.run(ThreadPoolExecutor.java:635)
at java.base/java.lang.Thread.run(Thread.java:840)
]]>
    </failure>
  </testcase> <!-- fbAccount -->
  <testcase classname="com.ecommerce.test.FBRegistration" name="searchGoogleAndTestTitleText" time="6.412">
    <failure message="Google title did not match
	expected [Google] but found [Sign up for Facebook | Facebook]" type="java.lang.AssertionError">
      <![CDATA[java.lang.AssertionError: Google title did not match
expected [Google] but found [Sign up for Facebook | Facebook]
at org.testng.asserts.SoftAssert.assertAll(SoftAssert.java:46)
at com.ecommerce.test.FBRegistration.searchGoogleAndTestTitleText(FBRegistration.java:114)
at java.base/jdk.internal.reflect.NativeMethodAccessorImpl.invoke0(Native Method)
at java.base/jdk.internal.reflect.NativeMethodAccessorImpl.invoke(NativeMethodAccessorImpl.java:77)
at java.base/jdk.internal.reflect.DelegatingMethodAccessorImpl.invoke(DelegatingMethodAccessorImpl.java:43)
at java.base/java.lang.reflect.Method.invoke(Method.java:568)
at org.testng.internal.invokers.MethodInvocationHelper.invokeMethod(MethodInvocationHelper.java:139)
at org.testng.internal.invokers.TestInvoker.invokeMethod(TestInvoker.java:664)
at org.testng.internal.invokers.TestInvoker.invokeTestMethod(TestInvoker.java:227)
at org.testng.internal.invokers.MethodRunner.runInSequence(MethodRunner.java:50)
at org.testng.internal.invokers.TestInvoker$MethodInvocationAgent.invoke(TestInvoker.java:957)
at org.testng.internal.invokers.TestInvoker.invokeTestMethods(TestInvoker.java:200)
at org.testng.internal.invokers.TestMethodWorker.invokeTestMethods(TestMethodWorker.java:148)
at org.testng.internal.invokers.TestMethodWorker.run(TestMethodWorker.java:128)
at java.base/java.util.concurrent.ThreadPoolExecutor.runWorker(ThreadPoolExecutor.java:1136)
at java.base/java.util.concurrent.ThreadPoolExecutor$Worker.run(ThreadPoolExecutor.java:635)
at java.base/java.lang.Thread.run(Thread.java:840)
]]>
    </failure>
  </testcase> <!-- searchGoogleAndTestTitleText -->
  <testcase classname="com.ecommerce.test.FBRegistration" name="f1" time="0.046"/>
  <testcase classname="com.ecommerce.test.FBRegistration" name="f2" time="0.057"/>
</testsuite> <!-- com.ecommerce.test.FBRegistration -->
